[+] Containers:
 |- [+] Container: /Game/ThirdPerson/Maps/ThirdPersonMap
 |   |- [+] ActorDescs:
 |   |   |- Guid:02F935EE40056F1263A4D79182A9855C BaseClass: NativeClass:/Script/Engine.StaticMeshActor Name:StaticMeshActor_UAID_3C6AA7B4392583D901_1341277385 Label:SM_grassVerticalSingle SpatiallyLoaded:1 Bounds:IsValid=true, Min=(X=5729.964 Y=-476.555 Z=-22.018), Max=(X=6227.613 Y=2.880 Z=100.055) RuntimeGrid:None EditorOnly:0 RuntimeOnly:0 HLODRelevant:1 ListedInSceneOutliner:1 IsMainWorldOnly:0
 |   |   |- Guid:06A6AE6942C7EB9A9BBF7487F0CB1E8A BaseClass:/Game/Objects/interactableObject.interactableObject_C NativeClass:/Script/Engine.Actor Name:interactableObject_C_UAID_3C6AA7B4392567D601_1468303277 Label:interactableObject6 SpatiallyLoaded:1 Bounds:IsValid=true, Min=(X=1516.000 Y=1266.000 Z=-3.000), Max=(X=1644.000 Y=1394.000 Z=165.000) RuntimeGrid:None EditorOnly:0 RuntimeOnly:0 HLODRelevant:0 ListedInSceneOutliner:1 IsMainWorldOnly:0
 |   |   |- Guid:0B7AF9B642CBF4C1EEB0C88CC446C556 BaseClass: NativeClass:/Script/Engine.StaticMeshActor Name:StaticMeshActor_UAID_3C6AA7B4392583D901_1317990380 Label:SM_tree_03 SpatiallyLoaded:1 Bounds:IsValid=true, Min=(X=4449.975 Y=-777.756 Z=10.000), Max=(X=4900.417 Y=-297.268 Z=1565.109) RuntimeGrid:None EditorOnly:0 RuntimeOnly:0 HLODRelevant:1 ListedInSceneOutliner:1 IsMainWorldOnly:0
 |   |   |- Guid:13293C094BB9C4DA5418FA9497DDD84A BaseClass: NativeClass:/Script/Engine.StaticMeshActor Name:StaticMeshActor_UAID_3C6AA7B4392583D901_1165294373 Label:SM_grass_00 SpatiallyLoaded:1 Bounds:IsValid=true, Min=(X=3940.000 Y=130.002 Z=10.000), Max=(X=5540.000 Y=1730.002 Z=10.000) RuntimeGrid:None EditorOnly:0 RuntimeOnly:0 HLODRelevant:1 ListedInSceneOutliner:1 IsMainWorldOnly:0
 |   |   |- Guid:14405F1D439FEE74377E9FAA217D9313 BaseClass:/Game/Objects/interactableObject.interactableObject_C NativeClass:/Script/Engine.Actor Name:interactableObject_C_UAID_3C6AA7B4392583D901_1374778389 Label:interactableObject13 SpatiallyLoaded:1 Bounds:IsValid=true, Min=(X=5946.000 Y=1486.000 Z=61.908), Max=(X=6074.000 Y=1614.000 Z=245.000) RuntimeGrid:None EditorOnly:0 RuntimeOnly:0 HLODRelevant:0 ListedInSceneOutliner:1 IsMainWorldOnly:0
 |   |   |- Guid:172E516A49B4B83D3071F693E7326ADE BaseClass: NativeClass:/Script/Engine.StaticMeshActor Name:StaticMeshActor_UAID_3C6AA7B43925CAD901_2135361866 Label:SM_box SpatiallyLoaded:1 Bounds:IsValid=true, Min=(X=1487.689 Y=1367.161 Z=-0.528), Max=(X=1552.311 Y=1432.839 Z=65.150) RuntimeGrid:None EditorOnly:0 RuntimeOnly:0 HLODRelevant:1 ListedInSceneOutliner:1 IsMainWorldOnly:0
 |   |   |- Guid:1A356BB94FFF8F24BA4176857FB22B27 BaseClass: NativeClass:/Script/Engine.StaticMeshActor Name:StaticMeshActor_UAID_3C6AA7B4392583D901_1205867375 Label:SM_grass_2 SpatiallyLoaded:1 Bounds:IsValid=true, Min=(X=5530.000 Y=-1469.998 Z=10.000), Max=(X=7130.000 Y=130.002 Z=10.000) RuntimeGrid:None EditorOnly:0 RuntimeOnly:0 HLODRelevant:1 ListedInSceneOutliner:1 IsMainWorldOnly:0
 |   |   |- Guid:1EBDDDD249E05B78E3A5E5ABF2A82CBE BaseClass: NativeClass:/Script/Engine.StaticMeshActor Name:StaticMeshActor_UAID_3C6AA7B43925CBD901_1091269047 Label:SM_box4 SpatiallyLoaded:1 Bounds:IsValid=true, Min=(X=1617.689 Y=1297.161 Z=-0.528), Max=(X=1682.311 Y=1362.839 Z=65.150) RuntimeGrid:None EditorOnly:0 RuntimeOnly:0 HLODRelevant:1 ListedInSceneOutliner:1 IsMainWorldOnly:0
 |   |   |- Guid:20DBB53F40C92183FA7925A2345A0A26 BaseClass: NativeClass:/Script/Engine.StaticMeshActor Name:StaticMeshActor_UAID_3C6AA7B4392583D901_1325551383 Label:SM_tree_2 SpatiallyLoaded:1 Bounds:IsValid=true, Min=(X=5692.181 Y=-1320.348 Z=10.000), Max=(X=6347.785 Y=-645.717 Z=1388.593) RuntimeGrid:None EditorOnly:0 RuntimeOnly:0 HLODRelevant:1 ListedInSceneOutliner:1 IsMainWorldOnly:0
 |   |   |- Guid:28B39DCC4EA38251B9F20AB5225E7273 BaseClass:/Game/Objects/obtainableObject.obtainableObject_C NativeClass:/Script/Engine.Actor Name:obtainableObject_C_UAID_3C6AA7B4392532D901_1566910111 Label:obtainableObject SpatiallyLoaded:1 Bounds:IsValid=true, Min=(X=1420.000 Y=530.000 Z=390.000), Max=(X=1420.000 Y=530.000 Z=390.000) RuntimeGrid:None EditorOnly:0 RuntimeOnly:0 HLODRelevant:0 ListedInSceneOutliner:1 IsMainWorldOnly:0
 |   |   |- Guid:2A482BEF4E1237AD70AF3187F67E2E5A BaseClass: NativeClass:/Script/Engine.StaticMeshActor Name:StaticMeshActor_UAID_3C6AA7B4392583D901_1350473388 Label:SM_tree_4 SpatiallyLoaded:1 Bounds:IsValid=true, Min=(X=6153.378 Y=-1700.558 Z=10.000), Max=(X=7351.708 Y=-477.754 Z=1258.049) RuntimeGrid:None EditorOnly:0 RuntimeOnly:0 HLODRelevant:1 ListedInSceneOutliner:1 IsMainWorldOnly:0
 |   |   |- Guid:2B10D3F8477BC77031779CABC7362197 BaseClass:/Game/LevelHandlers/levelController.levelController_C NativeClass:/Script/Engine.Actor Name:levelController_C_UAID_3C6AA7B439259DD801_1373846896 Label:levelController SpatiallyLoaded:1 Bounds:IsValid=true, Min=(X=140.000 Y=1620.000 Z=540.000), Max=(X=140.000 Y=1620.000 Z=540.000) RuntimeGrid:None EditorOnly:0 RuntimeOnly:0 HLODRelevant:0 ListedInSceneOutliner:1 IsMainWorldOnly:0
 |   |   |- Guid:2FB58999456391D349DC0F86DAC136ED BaseClass: NativeClass:/Script/Engine.SkyLight Name:SkyLight_1 Label:SkyLight SpatiallyLoaded:0 Bounds:IsValid=true, Min=(X=0.000 Y=0.000 Z=690.000), Max=(X=0.000 Y=0.000 Z=690.000) RuntimeGrid:None EditorOnly:0 RuntimeOnly:0 HLODRelevant:0 ListedInSceneOutliner:1 IsMainWorldOnly:0 FolderPath:Lighting FolderGuid:963EC3EB4002CCE9759E2EBA541A873A
 |   |   |- Guid:316CF2A6494ACA4C0E4180A87D36AB8F BaseClass: NativeClass:/Script/Engine.ExponentialHeightFog Name:ExponentialHeightFog_0 Label:ExponentialHeightFog SpatiallyLoaded:0 Bounds:IsValid=true, Min=(X=-5600.000 Y=-50.000 Z=-6850.000), Max=(X=-5600.000 Y=-50.000 Z=-6850.000) RuntimeGrid:None EditorOnly:0 RuntimeOnly:0 HLODRelevant:0 ListedInSceneOutliner:1 IsMainWorldOnly:0 FolderPath:Lighting FolderGuid:963EC3EB4002CCE9759E2EBA541A873A
 |   |   |- Guid:33AABA0848BE62DB1A794E94DF4B6414 BaseClass: NativeClass:/Script/Engine.StaticMeshActor Name:StaticMeshActor_UAID_3C6AA7B4392583D901_1246428377 Label:SM_dirtEdge_2 SpatiallyLoaded:1 Bounds:IsValid=true, Min=(X=5520.000 Y=1720.000 Z=10.000), Max=(X=7120.000 Y=2120.000 Z=10.000) RuntimeGrid:None EditorOnly:0 RuntimeOnly:0 HLODRelevant:1 ListedInSceneOutliner:1 IsMainWorldOnly:0
 |   |   |- Guid:3D3817FA420761BDDCFF31BE1B2DAA8B BaseClass: NativeClass:/Script/Engine.StaticMeshActor Name:StaticMeshActor_UAID_3C6AA7B43925CBD901_1095434048 Label:SM_box5 SpatiallyLoaded:1 Bounds:IsValid=true, Min=(X=1627.689 Y=1327.161 Z=59.472), Max=(X=1692.311 Y=1392.839 Z=125.150) RuntimeGrid:None EditorOnly:0 RuntimeOnly:0 HLODRelevant:1 ListedInSceneOutliner:1 IsMainWorldOnly:0
 |   |   |- Guid:3EDFB74F478802773323EDAA498CA10D BaseClass:/Game/Objects/InteractableNPC.InteractableNPC_C NativeClass:/Script/Engine.Actor Name:InteractableNPC_C_UAID_3C6AA7B43925A3D601_2050122831 Label:InteractableNPC SpatiallyLoaded:1 Bounds:IsValid=true, Min=(X=1096.000 Y=386.000 Z=-3.000), Max=(X=1224.000 Y=514.000 Z=225.000) RuntimeGrid:None EditorOnly:0 RuntimeOnly:0 HLODRelevant:0 ListedInSceneOutliner:1 IsMainWorldOnly:0
 |   |   |- Guid:42F4A4F046FD841CB36CD79EECE6095A BaseClass: NativeClass:/Script/Engine.StaticMeshActor Name:StaticMeshActor_UAID_3C6AA7B4392583D901_1289218378 Label:SM_casket SpatiallyLoaded:1 Bounds:IsValid=true, Min=(X=5399.105 Y=1770.666 Z=9.798), Max=(X=5640.895 Y=1849.334 Z=88.754) RuntimeGrid:None EditorOnly:0 RuntimeOnly:0 HLODRelevant:1 ListedInSceneOutliner:1 IsMainWorldOnly:0
 |   |   |- Guid:4570B4AF455EA463907963A639E114E8 BaseClass: NativeClass:/Script/Engine.StaticMeshActor Name:StaticMeshActor_UAID_3C6AA7B4392583D901_1198939374 Label:SM_grass_1 SpatiallyLoaded:1 Bounds:IsValid=true, Min=(X=3940.000 Y=-1469.998 Z=10.000), Max=(X=5540.000 Y=130.002 Z=10.000) RuntimeGrid:None EditorOnly:0 RuntimeOnly:0 HLODRelevant:1 ListedInSceneOutliner:1 IsMainWorldOnly:0
 |   |   |- Guid:4D3BE93F4146AAAC8BBE79999D96D57F BaseClass: NativeClass:/Script/Engine.VolumetricCloud Name:VolumetricCloud_0 Label:VolumetricCloud SpatiallyLoaded:0 Bounds:IsValid=true, Min=(X=0.000 Y=0.000 Z=820.000), Max=(X=0.000 Y=0.000 Z=820.000) RuntimeGrid:None EditorOnly:0 RuntimeOnly:0 HLODRelevant:0 ListedInSceneOutliner:1 IsMainWorldOnly:0 FolderPath:Lighting FolderGuid:963EC3EB4002CCE9759E2EBA541A873A
 |   |   |- Guid:4EE6726241D40DC129F896ADADDC3707 BaseClass: NativeClass:/Script/Engine.PostProcessVolume Name:PostProcessVolume_UAID_3C6AA7B439258DD901_1283133156 Label:PostProcessVolume2 SpatiallyLoaded:0 Bounds:IsValid=true, Min=(X=6060.000 Y=2100.000 Z=20.000), Max=(X=6260.000 Y=2300.000 Z=220.000) RuntimeGrid:None EditorOnly:0 RuntimeOnly:0 HLODRelevant:0 ListedInSceneOutliner:1 IsMainWorldOnly:0
 |   |   |- Guid:511F625B455BB0791B4207BC61E55C0B BaseClass: NativeClass:/Script/Engine.StaticMeshActor Name:StaticMeshActor_UAID_3C6AA7B43925CBD901_1099722049 Label:SM_carton_box SpatiallyLoaded:1 Bounds:IsValid=true, Min=(X=1678.050 Y=1213.868 Z=-0.216), Max=(X=1780.039 Y=1345.514 Z=94.960) RuntimeGrid:None EditorOnly:0 RuntimeOnly:0 HLODRelevant:1 ListedInSceneOutliner:1 IsMainWorldOnly:0
 |   |   |- Guid:528289B946DFE9F7567BF283D1623C4B BaseClass: NativeClass:/Script/Engine.StaticMeshActor Name:StaticMeshActor_UAID_3C6AA7B43925CAD901_1592149863 Label:SM_Table_01 SpatiallyLoaded:1 Bounds:IsValid=true, Min=(X=5399.571 Y=1058.602 Z=12.061), Max=(X=5700.430 Y=1181.397 Z=100.095) RuntimeGrid:None EditorOnly:0 RuntimeOnly:0 HLODRelevant:1 ListedInSceneOutliner:1 IsMainWorldOnly:0
 |   |   |- Guid:5B97F4A64FB21F77EFC44386BF705B4C BaseClass: NativeClass:/Script/Engine.TextRenderActor Name:TextRenderActor_1 Label:TextRenderActor SpatiallyLoaded:1 Bounds:IsValid=true, Min=(X=-0.100 Y=1100.000 Z=65.013), Max=(X=-0.100 Y=2392.308 Z=215.013) RuntimeGrid:None EditorOnly:0 RuntimeOnly:0 HLODRelevant:0 ListedInSceneOutliner:1 IsMainWorldOnly:0
 |   |   |- Guid:60FBB58043FA965690E3368AA89EB4B5 BaseClass: NativeClass:/Script/Engine.StaticMeshActor Name:StaticMeshActor_UAID_3C6AA7B43925CAD901_2140833867 Label:SM_box2 SpatiallyLoaded:1 Bounds:IsValid=true, Min=(X=1517.689 Y=1367.161 Z=59.472), Max=(X=1582.311 Y=1432.839 Z=125.150) RuntimeGrid:None EditorOnly:0 RuntimeOnly:0 HLODRelevant:1 ListedInSceneOutliner:1 IsMainWorldOnly:0
 |   |   |- Guid:64DCC6C94BC352DCA2B9EAAE79B1AA2B BaseClass: NativeClass:/Script/Engine.StaticMeshActor Name:StaticMeshActor_UAID_3C6AA7B439257DD901_1664958314 Label:SM_dirtEdge_01 SpatiallyLoaded:1 Bounds:IsValid=true, Min=(X=3940.000 Y=1720.000 Z=10.000), Max=(X=5540.000 Y=2120.000 Z=10.000) RuntimeGrid:None EditorOnly:0 RuntimeOnly:0 HLODRelevant:1 ListedInSceneOutliner:1 IsMainWorldOnly:0
 |   |   |- Guid:68F7256C49D7F47F53C2E1B4888F3C0D BaseClass: NativeClass:/Script/Engine.StaticMeshActor Name:StaticMeshActor_UAID_3C6AA7B43925CBD901_1081389045 Label:SM_box3 SpatiallyLoaded:1 Bounds:IsValid=true, Min=(X=1537.689 Y=1437.161 Z=109.472), Max=(X=1602.311 Y=1502.839 Z=175.150) RuntimeGrid:None EditorOnly:0 RuntimeOnly:0 HLODRelevant:1 ListedInSceneOutliner:1 IsMainWorldOnly:0
 |   |   |- Guid:6BAF4DDD444C60371492D3919DB42C97 BaseClass: NativeClass:/Script/Engine.WorldDataLayers Name:WorldDataLayers Label:WorldDataLayers SpatiallyLoaded:0 Bounds:IsValid=true, Min=(X=0.000 Y=0.000 Z=0.000), Max=(X=0.000 Y=0.000 Z=0.000) RuntimeGrid:None EditorOnly:0 RuntimeOnly:0 HLODRelevant:0 ListedInSceneOutliner:1 IsMainWorldOnly:1
 |   |   |- Guid:706FDF5B4EAD024B220B0F919E8DB384 BaseClass:/Game/Objects/interactableObject.interactableObject_C NativeClass:/Script/Engine.Actor Name:interactableObject_C_UAID_3C6AA7B43925CAD901_1617576865 Label:interactableObject14 SpatiallyLoaded:1 Bounds:IsValid=true, Min=(X=5516.000 Y=1046.000 Z=97.000), Max=(X=5644.000 Y=1174.000 Z=265.000) RuntimeGrid:None EditorOnly:0 RuntimeOnly:0 HLODRelevant:0 ListedInSceneOutliner:1 IsMainWorldOnly:0
 |   |   |- Guid:7A770A814D75355F3385CE9C00FAACDB BaseClass:/Game/LevelHandlers/GoalController.GoalController_C NativeClass:/Script/Engine.Actor Name:GoalController_C_UAID_3C6AA7B439259DD801_1372217895 Label:GoalController SpatiallyLoaded:1 Bounds:IsValid=true, Min=(X=160.000 Y=1690.000 Z=630.000), Max=(X=160.000 Y=1690.000 Z=630.000) RuntimeGrid:None EditorOnly:0 RuntimeOnly:0 HLODRelevant:0 ListedInSceneOutliner:1 IsMainWorldOnly:0
 |   |   |- Guid:7DDCF3084DDDE6CF5C99CEB96AEA672B BaseClass: NativeClass:/Script/Engine.StaticMeshActor Name:StaticMeshActor_UAID_3C6AA7B439258AD801_1543457546 Label:SM_Cube4 SpatiallyLoaded:1 Bounds:IsValid=true, Min=(X=0.000 Y=0.000 Z=-50.000), Max=(X=3000.000 Y=3500.000 Z=0.000) RuntimeGrid:None EditorOnly:0 RuntimeOnly:0 HLODRelevant:1 ListedInSceneOutliner:1 IsMainWorldOnly:0 FolderPath:Playground FolderGuid:C73F09FC4215536B1DCE2A9E0A830C70
 |   |   |- Guid:81A709F648F711EA5FFF009EFCF97182 BaseClass: NativeClass:/Script/Engine.StaticMeshActor Name:StaticMeshActor_UAID_3C6AA7B43925CBD901_1088264046 Label:SM_box_tray2 SpatiallyLoaded:1 Bounds:IsValid=true, Min=(X=1670.277 Y=1357.118 Z=-0.373), Max=(X=1760.775 Y=1523.105 Z=141.602) RuntimeGrid:None EditorOnly:0 RuntimeOnly:0 HLODRelevant:1 ListedInSceneOutliner:1 IsMainWorldOnly:0
 |   |   |- Guid:8DA7425A47D0A72CF42D6B978001AAED BaseClass: NativeClass:/Script/Engine.StaticMeshActor Name:StaticMeshActor_UAID_3C6AA7B4392583D901_1212229376 Label:SM_grass_3 SpatiallyLoaded:1 Bounds:IsValid=true, Min=(X=5530.000 Y=120.002 Z=10.000), Max=(X=7130.000 Y=1720.002 Z=10.000) RuntimeGrid:None EditorOnly:0 RuntimeOnly:0 HLODRelevant:1 ListedInSceneOutliner:1 IsMainWorldOnly:0
 |   |   |- Guid:94C9EAFB4BD0F18CA4E37F955531E7DC BaseClass: NativeClass:/Script/Engine.SkeletalMeshActor Name:SkeletalMeshActor_UAID_3C6AA7B4392583D901_2022430395 Label:SK_citizen_female_07 SpatiallyLoaded:1 Bounds:IsValid=true, Min=(X=5655.950 Y=1530.601 Z=5.897), Max=(X=5804.047 Y=1593.265 Z=193.991) RuntimeGrid:None EditorOnly:0 RuntimeOnly:0 HLODRelevant:0 ListedInSceneOutliner:1 IsMainWorldOnly:0
 |   |   |- Guid:9BE72E964882C084B02730A74D853EA7 BaseClass: NativeClass:/Script/Engine.StaticMeshActor Name:StaticMeshActor_UAID_3C6AA7B4392583D901_1334464384 Label:SM_tree_04 SpatiallyLoaded:1 Bounds:IsValid=true, Min=(X=6203.269 Y=-1070.104 Z=10.000), Max=(X=6641.328 Y=-657.451 Z=1634.472) RuntimeGrid:None EditorOnly:0 RuntimeOnly:0 HLODRelevant:1 ListedInSceneOutliner:1 IsMainWorldOnly:0
 |   |   |- Guid:9D080AA2417120D997FD599057FFDE2F BaseClass:/Game/Objects/InteractableNPC.InteractableNPC_C NativeClass:/Script/Engine.Actor Name:InteractableNPC_C_UAID_3C6AA7B4392583D901_1785546391 Label:InteractableNPC3 SpatiallyLoaded:1 Bounds:IsValid=true, Min=(X=5666.000 Y=1486.000 Z=7.000), Max=(X=5794.000 Y=1614.000 Z=235.000) RuntimeGrid:None EditorOnly:0 RuntimeOnly:0 HLODRelevant:0 ListedInSceneOutliner:1 IsMainWorldOnly:0
 |   |   |- Guid:A3D0A8A049CE2677433136A7BE08ACA2 BaseClass: NativeClass:/Script/Engine.StaticMeshActor Name:StaticMeshActor_UAID_3C6AA7B4392583D901_1322942382 Label:SM_tree_02 SpatiallyLoaded:1 Bounds:IsValid=true, Min=(X=4793.378 Y=-1350.558 Z=10.000), Max=(X=5991.708 Y=-127.754 Z=1258.049) RuntimeGrid:None EditorOnly:0 RuntimeOnly:0 HLODRelevant:1 ListedInSceneOutliner:1 IsMainWorldOnly:0
 |   |   |- Guid:A56216954B2165CF0F35A886B537D536 BaseClass: NativeClass:/Script/Engine.StaticMeshActor Name:StaticMeshActor_0 Label:SM_Cube5 SpatiallyLoaded:1 Bounds:IsValid=true, Min=(X=-0.000 Y=100.000 Z=0.000), Max=(X=100.000 Y=3400.000 Z=400.000) RuntimeGrid:None EditorOnly:0 RuntimeOnly:0 HLODRelevant:1 ListedInSceneOutliner:1 IsMainWorldOnly:0 FolderPath:Playground FolderGuid:C73F09FC4215536B1DCE2A9E0A830C70
 |   |   |- Guid:B5B3C32847FD2367C50239AB8CB1D039 BaseClass:/Game/LevelHandlers/GoalController.GoalController_C NativeClass:/Script/Engine.Actor Name:GoalController_C_UAID_3C6AA7B439259DD801_1384984899 Label:GoalController3 SpatiallyLoaded:1 Bounds:IsValid=true, Min=(X=140.000 Y=1550.000 Z=640.000), Max=(X=140.000 Y=1550.000 Z=640.000) RuntimeGrid:None EditorOnly:0 RuntimeOnly:0 HLODRelevant:0 ListedInSceneOutliner:1 IsMainWorldOnly:0
 |   |   |- Guid:B785ED2844B84CFB91E7F39FE661CD99 BaseClass: NativeClass:/Script/Engine.DirectionalLight Name:DirectionalLight_0 Label:DirectionalLight SpatiallyLoaded:0 Bounds:IsValid=true, Min=(X=-1048576.000 Y=-1048576.000 Z=-1048576.000), Max=(X=1048576.000 Y=1048576.000 Z=1048576.000) RuntimeGrid:None EditorOnly:0 RuntimeOnly:0 HLODRelevant:0 ListedInSceneOutliner:1 IsMainWorldOnly:0 FolderPath:Lighting FolderGuid:963EC3EB4002CCE9759E2EBA541A873A
 |   |   |- Guid:B8BC1A9B4FF01D03E5B9ADA33031BA7B BaseClass:/Game/Objects/InteractableNPC.InteractableNPC_C NativeClass:/Script/Engine.Actor Name:InteractableNPC_C_UAID_3C6AA7B43925A5D601_1486455185 Label:InteractableNPC2 SpatiallyLoaded:1 Bounds:IsValid=true, Min=(X=1526.000 Y=386.000 Z=-3.000), Max=(X=1654.000 Y=514.000 Z=225.000) RuntimeGrid:None EditorOnly:0 RuntimeOnly:0 HLODRelevant:0 ListedInSceneOutliner:1 IsMainWorldOnly:0
 |   |   |- Guid:BADCE5EF467A05B1C26936B41BA7EF8A BaseClass:/Game/PlayerStart_Blueprint.PlayerStart_Blueprint_C NativeClass:/Script/Engine.PlayerStart Name:PlayerStart_Blueprint_C_UAID_3C6AA7B439257ED901_1213972492 Label:PlayerStart_Blueprint SpatiallyLoaded:0 Bounds:IsValid=true, Min=(X=836.000 Y=1046.000 Z=0.013), Max=(X=964.000 Y=1174.000 Z=184.013) RuntimeGrid:None EditorOnly:0 RuntimeOnly:0 HLODRelevant:0 ListedInSceneOutliner:1 IsMainWorldOnly:0
 |   |   |- Guid:BC08B79C4EA3C961CFF75EBBE83B367D BaseClass: NativeClass:/Script/Engine.StaticMeshActor Name:StaticMeshActor_5 Label:SM_Cube2 SpatiallyLoaded:1 Bounds:IsValid=true, Min=(X=0.000 Y=0.000 Z=0.000), Max=(X=3000.000 Y=100.000 Z=400.000) RuntimeGrid:None EditorOnly:0 RuntimeOnly:0 HLODRelevant:1 ListedInSceneOutliner:1 IsMainWorldOnly:0 FolderPath:Playground FolderGuid:C73F09FC4215536B1DCE2A9E0A830C70
 |   |   |- Guid:BD5E02AC4EA63637585462A6C5BBC266 BaseClass: NativeClass:/Script/Engine.SkeletalMeshActor Name:SkeletalMeshActor_UAID_3C6AA7B4392583D901_1883151394 Label:SK_citizen_male_04 SpatiallyLoaded:1 Bounds:IsValid=true, Min=(X=1085.950 Y=420.601 Z=-4.103), Max=(X=1234.047 Y=483.265 Z=183.991) RuntimeGrid:None EditorOnly:0 RuntimeOnly:0 HLODRelevant:0 ListedInSceneOutliner:1 IsMainWorldOnly:0
 |   |   |- Guid:C6C5691B436742B40225B592711C7262 BaseClass: NativeClass:/Script/Engine.StaticMeshActor Name:StaticMeshActor_UAID_3C6AA7B4392583D901_1347498387 Label:SM_tree_3 SpatiallyLoaded:1 Bounds:IsValid=true, Min=(X=5912.181 Y=-1130.348 Z=10.000), Max=(X=6567.785 Y=-455.717 Z=1388.593) RuntimeGrid:None EditorOnly:0 RuntimeOnly:0 HLODRelevant:1 ListedInSceneOutliner:1 IsMainWorldOnly:0
 |   |   |- Guid:CCFF262C46EEFFDF319E7F9539CE697E BaseClass: NativeClass:/Script/Engine.SkyAtmosphere Name:SkyAtmosphere_0 Label:SkyAtmosphere SpatiallyLoaded:0 Bounds:IsValid=true, Min=(X=0.000 Y=0.000 Z=1020.000), Max=(X=0.000 Y=0.000 Z=1020.000) RuntimeGrid:None EditorOnly:0 RuntimeOnly:0 HLODRelevant:0 ListedInSceneOutliner:1 IsMainWorldOnly:0 FolderPath:Lighting FolderGuid:963EC3EB4002CCE9759E2EBA541A873A
 |   |   |- Guid:D4AABE8B4CF896D58D5182B38CC79559 BaseClass: NativeClass:/Script/Engine.StaticMeshActor Name:StaticMeshActor_UAID_3C6AA7B4392583D901_1591421390 Label:SM_Table_04 SpatiallyLoaded:1 Bounds:IsValid=true, Min=(X=5925.336 Y=1506.516 Z=9.553), Max=(X=6134.664 Y=1593.956 Z=68.389) RuntimeGrid:None EditorOnly:0 RuntimeOnly:0 HLODRelevant:1 ListedInSceneOutliner:1 IsMainWorldOnly:0
 |   |   |- Guid:DA95EF98479BABFDEC28B18DC320858A BaseClass:/Game/LevelHandlers/GoalController.GoalController_C NativeClass:/Script/Engine.Actor Name:GoalController_C_UAID_3C6AA7B439259DD801_1383243898 Label:GoalController2 SpatiallyLoaded:1 Bounds:IsValid=true, Min=(X=150.000 Y=1630.000 Z=630.000), Max=(X=150.000 Y=1630.000 Z=630.000) RuntimeGrid:None EditorOnly:0 RuntimeOnly:0 HLODRelevant:0 ListedInSceneOutliner:1 IsMainWorldOnly:0
 |   |   |- Guid:E0B3CFF64C6328926E4311BD264368FC BaseClass: NativeClass:/Script/Engine.StaticMeshActor Name:StaticMeshActor_UAID_3C6AA7B43925CAD901_2145603868 Label:SM_box_tray SpatiallyLoaded:1 Bounds:IsValid=true, Min=(X=1440.277 Y=1437.118 Z=-0.373), Max=(X=1530.775 Y=1603.105 Z=141.602) RuntimeGrid:None EditorOnly:0 RuntimeOnly:0 HLODRelevant:1 ListedInSceneOutliner:1 IsMainWorldOnly:0
 |   |   |- Guid:E626A0C942F7FB586C0F74B36762CF55 BaseClass: NativeClass:/Script/Engine.StaticMeshActor Name:StaticMeshActor_UAID_3C6AA7B4392583D901_1320678381 Label:SM_tree_01 SpatiallyLoaded:1 Bounds:IsValid=true, Min=(X=4632.181 Y=-1160.348 Z=10.000), Max=(X=5287.785 Y=-485.717 Z=1388.593) RuntimeGrid:None EditorOnly:0 RuntimeOnly:0 HLODRelevant:1 ListedInSceneOutliner:1 IsMainWorldOnly:0
 |   |   |- Guid:E7EE31B7439353EC5E5969B55BFE47D2 BaseClass: NativeClass:/Script/Engine.StaticMeshActor Name:StaticMeshActor_UAID_3C6AA7B4392558D601_1442118632 Label:SM_ChamferCube SpatiallyLoaded:1 Bounds:IsValid=true, Min=(X=1570.000 Y=1370.000 Z=10.000), Max=(X=1670.000 Y=1470.000 Z=110.000) RuntimeGrid:None EditorOnly:0 RuntimeOnly:0 HLODRelevant:1 ListedInSceneOutliner:1 IsMainWorldOnly:0
 |   |   |- Guid:EAC21064440E9592C9431CAF92204135 BaseClass: NativeClass:/Script/Engine.StaticMeshActor Name:StaticMeshActor_UAID_3C6AA7B4392583D901_1344056386 Label:SM_rock_01 SpatiallyLoaded:1 Bounds:IsValid=true, Min=(X=6388.909 Y=-521.207 Z=9.874), Max=(X=6410.263 Y=-498.895 Z=15.957) RuntimeGrid:None EditorOnly:0 RuntimeOnly:0 HLODRelevant:1 ListedInSceneOutliner:1 IsMainWorldOnly:0
 |   |   |- Guid:EC4E0C944CE6AC6E784BC6BB2916EA13 BaseClass: NativeClass:/Script/Engine.StaticMeshActor Name:StaticMeshActor_UAID_A4AE111137DC5EFB00_1110535423 Label:SM_SkySphere SpatiallyLoaded:0 Bounds:IsValid=true, Min=(X=-1638400.000 Y=-1638400.000 Z=-1638400.000), Max=(X=1638400.000 Y=1638400.000 Z=1638400.000) RuntimeGrid:None EditorOnly:0 RuntimeOnly:0 HLODRelevant:1 ListedInSceneOutliner:1 IsMainWorldOnly:0 FolderPath:Lighting FolderGuid:963EC3EB4002CCE9759E2EBA541A873A
 |   |   |- Guid:F1924B8D48954B30891B2DB6A694F9CC BaseClass: NativeClass:/Script/Engine.StaticMeshActor Name:StaticMeshActor_1 Label:SM_Cube SpatiallyLoaded:1 Bounds:IsValid=true, Min=(X=0.000 Y=0.000 Z=-50.000), Max=(X=5000.000 Y=5000.000 Z=0.000) RuntimeGrid:None EditorOnly:0 RuntimeOnly:0 HLODRelevant:1 ListedInSceneOutliner:1 IsMainWorldOnly:0 FolderPath:Playground FolderGuid:C73F09FC4215536B1DCE2A9E0A830C70
 |   |   |- Guid:F5E3FEB3450C49844FD93DA8E083C8AD BaseClass: NativeClass:/Script/Engine.PostProcessVolume Name:PostProcessVolume_0 Label:PostProcessVolume SpatiallyLoaded:0 Bounds:IsValid=true, Min=(X=0.000 Y=0.000 Z=400.000), Max=(X=200.000 Y=200.000 Z=600.000) RuntimeGrid:None EditorOnly:0 RuntimeOnly:0 HLODRelevant:0 ListedInSceneOutliner:1 IsMainWorldOnly:0 FolderPath:Lighting FolderGuid:963EC3EB4002CCE9759E2EBA541A873A
 |   |   |- Guid:F980EE064B66394D517933911B91B5BA BaseClass: NativeClass:/Script/Engine.SkeletalMeshActor Name:SkeletalMeshActor_UAID_3C6AA7B4392583D901_1879876393 Label:SK_citizen_male_01 SpatiallyLoaded:1 Bounds:IsValid=true, Min=(X=1515.950 Y=420.601 Z=-4.103), Max=(X=1664.047 Y=483.265 Z=183.991) RuntimeGrid:None EditorOnly:0 RuntimeOnly:0 HLODRelevant:0 ListedInSceneOutliner:1 IsMainWorldOnly:0
 |   |- [+] Clusters:
 |   |   |- [+] [  0]
 |   |   |   |- Guid:02F935EE40056F1263A4D79182A9855C BaseClass: NativeClass:/Script/Engine.StaticMeshActor Name:StaticMeshActor_UAID_3C6AA7B4392583D901_1341277385 Label:SM_grassVerticalSingle SpatiallyLoaded:1 Bounds:IsValid=true, Min=(X=5729.964 Y=-476.555 Z=-22.018), Max=(X=6227.613 Y=2.880 Z=100.055) RuntimeGrid:None EditorOnly:0 RuntimeOnly:0 HLODRelevant:1 ListedInSceneOutliner:1 IsMainWorldOnly:0
 |   |   |- [+] [  1]
 |   |   |   |- Guid:06A6AE6942C7EB9A9BBF7487F0CB1E8A BaseClass:/Game/Objects/interactableObject.interactableObject_C NativeClass:/Script/Engine.Actor Name:interactableObject_C_UAID_3C6AA7B4392567D601_1468303277 Label:interactableObject6 SpatiallyLoaded:1 Bounds:IsValid=true, Min=(X=1516.000 Y=1266.000 Z=-3.000), Max=(X=1644.000 Y=1394.000 Z=165.000) RuntimeGrid:None EditorOnly:0 RuntimeOnly:0 HLODRelevant:0 ListedInSceneOutliner:1 IsMainWorldOnly:0
 |   |   |- [+] [  2]
 |   |   |   |- Guid:0B7AF9B642CBF4C1EEB0C88CC446C556 BaseClass: NativeClass:/Script/Engine.StaticMeshActor Name:StaticMeshActor_UAID_3C6AA7B4392583D901_1317990380 Label:SM_tree_03 SpatiallyLoaded:1 Bounds:IsValid=true, Min=(X=4449.975 Y=-777.756 Z=10.000), Max=(X=4900.417 Y=-297.268 Z=1565.109) RuntimeGrid:None EditorOnly:0 RuntimeOnly:0 HLODRelevant:1 ListedInSceneOutliner:1 IsMainWorldOnly:0
 |   |   |- [+] [  3]
 |   |   |   |- Guid:13293C094BB9C4DA5418FA9497DDD84A BaseClass: NativeClass:/Script/Engine.StaticMeshActor Name:StaticMeshActor_UAID_3C6AA7B4392583D901_1165294373 Label:SM_grass_00 SpatiallyLoaded:1 Bounds:IsValid=true, Min=(X=3940.000 Y=130.002 Z=10.000), Max=(X=5540.000 Y=1730.002 Z=10.000) RuntimeGrid:None EditorOnly:0 RuntimeOnly:0 HLODRelevant:1 ListedInSceneOutliner:1 IsMainWorldOnly:0
 |   |   |- [+] [  4]
 |   |   |   |- Guid:14405F1D439FEE74377E9FAA217D9313 BaseClass:/Game/Objects/interactableObject.interactableObject_C NativeClass:/Script/Engine.Actor Name:interactableObject_C_UAID_3C6AA7B4392583D901_1374778389 Label:interactableObject13 SpatiallyLoaded:1 Bounds:IsValid=true, Min=(X=5946.000 Y=1486.000 Z=61.908), Max=(X=6074.000 Y=1614.000 Z=245.000) RuntimeGrid:None EditorOnly:0 RuntimeOnly:0 HLODRelevant:0 ListedInSceneOutliner:1 IsMainWorldOnly:0
 |   |   |- [+] [  5]
 |   |   |   |- Guid:172E516A49B4B83D3071F693E7326ADE BaseClass: NativeClass:/Script/Engine.StaticMeshActor Name:StaticMeshActor_UAID_3C6AA7B43925CAD901_2135361866 Label:SM_box SpatiallyLoaded:1 Bounds:IsValid=true, Min=(X=1487.689 Y=1367.161 Z=-0.528), Max=(X=1552.311 Y=1432.839 Z=65.150) RuntimeGrid:None EditorOnly:0 RuntimeOnly:0 HLODRelevant:1 ListedInSceneOutliner:1 IsMainWorldOnly:0
 |   |   |- [+] [  6]
 |   |   |   |- Guid:1A356BB94FFF8F24BA4176857FB22B27 BaseClass: NativeClass:/Script/Engine.StaticMeshActor Name:StaticMeshActor_UAID_3C6AA7B4392583D901_1205867375 Label:SM_grass_2 SpatiallyLoaded:1 Bounds:IsValid=true, Min=(X=5530.000 Y=-1469.998 Z=10.000), Max=(X=7130.000 Y=130.002 Z=10.000) RuntimeGrid:None EditorOnly:0 RuntimeOnly:0 HLODRelevant:1 ListedInSceneOutliner:1 IsMainWorldOnly:0
 |   |   |- [+] [  7]
 |   |   |   |- Guid:1EBDDDD249E05B78E3A5E5ABF2A82CBE BaseClass: NativeClass:/Script/Engine.StaticMeshActor Name:StaticMeshActor_UAID_3C6AA7B43925CBD901_1091269047 Label:SM_box4 SpatiallyLoaded:1 Bounds:IsValid=true, Min=(X=1617.689 Y=1297.161 Z=-0.528), Max=(X=1682.311 Y=1362.839 Z=65.150) RuntimeGrid:None EditorOnly:0 RuntimeOnly:0 HLODRelevant:1 ListedInSceneOutliner:1 IsMainWorldOnly:0
 |   |   |- [+] [  8]
 |   |   |   |- Guid:20DBB53F40C92183FA7925A2345A0A26 BaseClass: NativeClass:/Script/Engine.StaticMeshActor Name:StaticMeshActor_UAID_3C6AA7B4392583D901_1325551383 Label:SM_tree_2 SpatiallyLoaded:1 Bounds:IsValid=true, Min=(X=5692.181 Y=-1320.348 Z=10.000), Max=(X=6347.785 Y=-645.717 Z=1388.593) RuntimeGrid:None EditorOnly:0 RuntimeOnly:0 HLODRelevant:1 ListedInSceneOutliner:1 IsMainWorldOnly:0
 |   |   |- [+] [  9]
 |   |   |   |- Guid:28B39DCC4EA38251B9F20AB5225E7273 BaseClass:/Game/Objects/obtainableObject.obtainableObject_C NativeClass:/Script/Engine.Actor Name:obtainableObject_C_UAID_3C6AA7B4392532D901_1566910111 Label:obtainableObject SpatiallyLoaded:1 Bounds:IsValid=true, Min=(X=1420.000 Y=530.000 Z=390.000), Max=(X=1420.000 Y=530.000 Z=390.000) RuntimeGrid:None EditorOnly:0 RuntimeOnly:0 HLODRelevant:0 ListedInSceneOutliner:1 IsMainWorldOnly:0
 |   |   |   |- Guid:B8BC1A9B4FF01D03E5B9ADA33031BA7B BaseClass:/Game/Objects/InteractableNPC.InteractableNPC_C NativeClass:/Script/Engine.Actor Name:InteractableNPC_C_UAID_3C6AA7B43925A5D601_1486455185 Label:InteractableNPC2 SpatiallyLoaded:1 Bounds:IsValid=true, Min=(X=1526.000 Y=386.000 Z=-3.000), Max=(X=1654.000 Y=514.000 Z=225.000) RuntimeGrid:None EditorOnly:0 RuntimeOnly:0 HLODRelevant:0 ListedInSceneOutliner:1 IsMainWorldOnly:0
 |   |   |- [+] [ 10]
 |   |   |   |- Guid:2A482BEF4E1237AD70AF3187F67E2E5A BaseClass: NativeClass:/Script/Engine.StaticMeshActor Name:StaticMeshActor_UAID_3C6AA7B4392583D901_1350473388 Label:SM_tree_4 SpatiallyLoaded:1 Bounds:IsValid=true, Min=(X=6153.378 Y=-1700.558 Z=10.000), Max=(X=7351.708 Y=-477.754 Z=1258.049) RuntimeGrid:None EditorOnly:0 RuntimeOnly:0 HLODRelevant:1 ListedInSceneOutliner:1 IsMainWorldOnly:0
 |   |   |- [+] [ 11]
 |   |   |   |- Guid:2B10D3F8477BC77031779CABC7362197 BaseClass:/Game/LevelHandlers/levelController.levelController_C NativeClass:/Script/Engine.Actor Name:levelController_C_UAID_3C6AA7B439259DD801_1373846896 Label:levelController SpatiallyLoaded:1 Bounds:IsValid=true, Min=(X=140.000 Y=1620.000 Z=540.000), Max=(X=140.000 Y=1620.000 Z=540.000) RuntimeGrid:None EditorOnly:0 RuntimeOnly:0 HLODRelevant:0 ListedInSceneOutliner:1 IsMainWorldOnly:0
 |   |   |- [+] [ 12]
 |   |   |   |- Guid:2FB58999456391D349DC0F86DAC136ED BaseClass: NativeClass:/Script/Engine.SkyLight Name:SkyLight_1 Label:SkyLight SpatiallyLoaded:0 Bounds:IsValid=true, Min=(X=0.000 Y=0.000 Z=690.000), Max=(X=0.000 Y=0.000 Z=690.000) RuntimeGrid:None EditorOnly:0 RuntimeOnly:0 HLODRelevant:0 ListedInSceneOutliner:1 IsMainWorldOnly:0 FolderPath:Lighting FolderGuid:963EC3EB4002CCE9759E2EBA541A873A
 |   |   |- [+] [ 13]
 |   |   |   |- Guid:316CF2A6494ACA4C0E4180A87D36AB8F BaseClass: NativeClass:/Script/Engine.ExponentialHeightFog Name:ExponentialHeightFog_0 Label:ExponentialHeightFog SpatiallyLoaded:0 Bounds:IsValid=true, Min=(X=-5600.000 Y=-50.000 Z=-6850.000), Max=(X=-5600.000 Y=-50.000 Z=-6850.000) RuntimeGrid:None EditorOnly:0 RuntimeOnly:0 HLODRelevant:0 ListedInSceneOutliner:1 IsMainWorldOnly:0 FolderPath:Lighting FolderGuid:963EC3EB4002CCE9759E2EBA541A873A
 |   |   |- [+] [ 14]
 |   |   |   |- Guid:33AABA0848BE62DB1A794E94DF4B6414 BaseClass: NativeClass:/Script/Engine.StaticMeshActor Name:StaticMeshActor_UAID_3C6AA7B4392583D901_1246428377 Label:SM_dirtEdge_2 SpatiallyLoaded:1 Bounds:IsValid=true, Min=(X=5520.000 Y=1720.000 Z=10.000), Max=(X=7120.000 Y=2120.000 Z=10.000) RuntimeGrid:None EditorOnly:0 RuntimeOnly:0 HLODRelevant:1 ListedInSceneOutliner:1 IsMainWorldOnly:0
 |   |   |- [+] [ 15]
 |   |   |   |- Guid:3D3817FA420761BDDCFF31BE1B2DAA8B BaseClass: NativeClass:/Script/Engine.StaticMeshActor Name:StaticMeshActor_UAID_3C6AA7B43925CBD901_1095434048 Label:SM_box5 SpatiallyLoaded:1 Bounds:IsValid=true, Min=(X=1627.689 Y=1327.161 Z=59.472), Max=(X=1692.311 Y=1392.839 Z=125.150) RuntimeGrid:None EditorOnly:0 RuntimeOnly:0 HLODRelevant:1 ListedInSceneOutliner:1 IsMainWorldOnly:0
 |   |   |- [+] [ 16]
 |   |   |   |- Guid:3EDFB74F478802773323EDAA498CA10D BaseClass:/Game/Objects/InteractableNPC.InteractableNPC_C NativeClass:/Script/Engine.Actor Name:InteractableNPC_C_UAID_3C6AA7B43925A3D601_2050122831 Label:InteractableNPC SpatiallyLoaded:1 Bounds:IsValid=true, Min=(X=1096.000 Y=386.000 Z=-3.000), Max=(X=1224.000 Y=514.000 Z=225.000) RuntimeGrid:None EditorOnly:0 RuntimeOnly:0 HLODRelevant:0 ListedInSceneOutliner:1 IsMainWorldOnly:0
 |   |   |- [+] [ 17]
 |   |   |   |- Guid:42F4A4F046FD841CB36CD79EECE6095A BaseClass: NativeClass:/Script/Engine.StaticMeshActor Name:StaticMeshActor_UAID_3C6AA7B4392583D901_1289218378 Label:SM_casket SpatiallyLoaded:1 Bounds:IsValid=true, Min=(X=5399.105 Y=1770.666 Z=9.798), Max=(X=5640.895 Y=1849.334 Z=88.754) RuntimeGrid:None EditorOnly:0 RuntimeOnly:0 HLODRelevant:1 ListedInSceneOutliner:1 IsMainWorldOnly:0
 |   |   |- [+] [ 18]
 |   |   |   |- Guid:4570B4AF455EA463907963A639E114E8 BaseClass: NativeClass:/Script/Engine.StaticMeshActor Name:StaticMeshActor_UAID_3C6AA7B4392583D901_1198939374 Label:SM_grass_1 SpatiallyLoaded:1 Bounds:IsValid=true, Min=(X=3940.000 Y=-1469.998 Z=10.000), Max=(X=5540.000 Y=130.002 Z=10.000) RuntimeGrid:None EditorOnly:0 RuntimeOnly:0 HLODRelevant:1 ListedInSceneOutliner:1 IsMainWorldOnly:0
 |   |   |- [+] [ 19]
 |   |   |   |- Guid:4D3BE93F4146AAAC8BBE79999D96D57F BaseClass: NativeClass:/Script/Engine.VolumetricCloud Name:VolumetricCloud_0 Label:VolumetricCloud SpatiallyLoaded:0 Bounds:IsValid=true, Min=(X=0.000 Y=0.000 Z=820.000), Max=(X=0.000 Y=0.000 Z=820.000) RuntimeGrid:None EditorOnly:0 RuntimeOnly:0 HLODRelevant:0 ListedInSceneOutliner:1 IsMainWorldOnly:0 FolderPath:Lighting FolderGuid:963EC3EB4002CCE9759E2EBA541A873A
 |   |   |- [+] [ 20]
 |   |   |   |- Guid:4EE6726241D40DC129F896ADADDC3707 BaseClass: NativeClass:/Script/Engine.PostProcessVolume Name:PostProcessVolume_UAID_3C6AA7B439258DD901_1283133156 Label:PostProcessVolume2 SpatiallyLoaded:0 Bounds:IsValid=true, Min=(X=6060.000 Y=2100.000 Z=20.000), Max=(X=6260.000 Y=2300.000 Z=220.000) RuntimeGrid:None EditorOnly:0 RuntimeOnly:0 HLODRelevant:0 ListedInSceneOutliner:1 IsMainWorldOnly:0
 |   |   |- [+] [ 21]
 |   |   |   |- Guid:511F625B455BB0791B4207BC61E55C0B BaseClass: NativeClass:/Script/Engine.StaticMeshActor Name:StaticMeshActor_UAID_3C6AA7B43925CBD901_1099722049 Label:SM_carton_box SpatiallyLoaded:1 Bounds:IsValid=true, Min=(X=1678.050 Y=1213.868 Z=-0.216), Max=(X=1780.039 Y=1345.514 Z=94.960) RuntimeGrid:None EditorOnly:0 RuntimeOnly:0 HLODRelevant:1 ListedInSceneOutliner:1 IsMainWorldOnly:0
 |   |   |- [+] [ 22]
 |   |   |   |- Guid:528289B946DFE9F7567BF283D1623C4B BaseClass: NativeClass:/Script/Engine.StaticMeshActor Name:StaticMeshActor_UAID_3C6AA7B43925CAD901_1592149863 Label:SM_Table_01 SpatiallyLoaded:1 Bounds:IsValid=true, Min=(X=5399.571 Y=1058.602 Z=12.061), Max=(X=5700.430 Y=1181.397 Z=100.095) RuntimeGrid:None EditorOnly:0 RuntimeOnly:0 HLODRelevant:1 ListedInSceneOutliner:1 IsMainWorldOnly:0
 |   |   |- [+] [ 23]
 |   |   |   |- Guid:5B97F4A64FB21F77EFC44386BF705B4C BaseClass: NativeClass:/Script/Engine.TextRenderActor Name:TextRenderActor_1 Label:TextRenderActor SpatiallyLoaded:1 Bounds:IsValid=true, Min=(X=-0.100 Y=1100.000 Z=65.013), Max=(X=-0.100 Y=2392.308 Z=215.013) RuntimeGrid:None EditorOnly:0 RuntimeOnly:0 HLODRelevant:0 ListedInSceneOutliner:1 IsMainWorldOnly:0
 |   |   |- [+] [ 24]
 |   |   |   |- Guid:60FBB58043FA965690E3368AA89EB4B5 BaseClass: NativeClass:/Script/Engine.StaticMeshActor Name:StaticMeshActor_UAID_3C6AA7B43925CAD901_2140833867 Label:SM_box2 SpatiallyLoaded:1 Bounds:IsValid=true, Min=(X=1517.689 Y=1367.161 Z=59.472), Max=(X=1582.311 Y=1432.839 Z=125.150) RuntimeGrid:None EditorOnly:0 RuntimeOnly:0 HLODRelevant:1 ListedInSceneOutliner:1 IsMainWorldOnly:0
 |   |   |- [+] [ 25]
 |   |   |   |- Guid:64DCC6C94BC352DCA2B9EAAE79B1AA2B BaseClass: NativeClass:/Script/Engine.StaticMeshActor Name:StaticMeshActor_UAID_3C6AA7B439257DD901_1664958314 Label:SM_dirtEdge_01 SpatiallyLoaded:1 Bounds:IsValid=true, Min=(X=3940.000 Y=1720.000 Z=10.000), Max=(X=5540.000 Y=2120.000 Z=10.000) RuntimeGrid:None EditorOnly:0 RuntimeOnly:0 HLODRelevant:1 ListedInSceneOutliner:1 IsMainWorldOnly:0
 |   |   |- [+] [ 26]
 |   |   |   |- Guid:68F7256C49D7F47F53C2E1B4888F3C0D BaseClass: NativeClass:/Script/Engine.StaticMeshActor Name:StaticMeshActor_UAID_3C6AA7B43925CBD901_1081389045 Label:SM_box3 SpatiallyLoaded:1 Bounds:IsValid=true, Min=(X=1537.689 Y=1437.161 Z=109.472), Max=(X=1602.311 Y=1502.839 Z=175.150) RuntimeGrid:None EditorOnly:0 RuntimeOnly:0 HLODRelevant:1 ListedInSceneOutliner:1 IsMainWorldOnly:0
 |   |   |- [+] [ 27]
 |   |   |   |- Guid:6BAF4DDD444C60371492D3919DB42C97 BaseClass: NativeClass:/Script/Engine.WorldDataLayers Name:WorldDataLayers Label:WorldDataLayers SpatiallyLoaded:0 Bounds:IsValid=true, Min=(X=0.000 Y=0.000 Z=0.000), Max=(X=0.000 Y=0.000 Z=0.000) RuntimeGrid:None EditorOnly:0 RuntimeOnly:0 HLODRelevant:0 ListedInSceneOutliner:1 IsMainWorldOnly:1
 |   |   |- [+] [ 28]
 |   |   |   |- Guid:706FDF5B4EAD024B220B0F919E8DB384 BaseClass:/Game/Objects/interactableObject.interactableObject_C NativeClass:/Script/Engine.Actor Name:interactableObject_C_UAID_3C6AA7B43925CAD901_1617576865 Label:interactableObject14 SpatiallyLoaded:1 Bounds:IsValid=true, Min=(X=5516.000 Y=1046.000 Z=97.000), Max=(X=5644.000 Y=1174.000 Z=265.000) RuntimeGrid:None EditorOnly:0 RuntimeOnly:0 HLODRelevant:0 ListedInSceneOutliner:1 IsMainWorldOnly:0
 |   |   |- [+] [ 29]
 |   |   |   |- Guid:7A770A814D75355F3385CE9C00FAACDB BaseClass:/Game/LevelHandlers/GoalController.GoalController_C NativeClass:/Script/Engine.Actor Name:GoalController_C_UAID_3C6AA7B439259DD801_1372217895 Label:GoalController SpatiallyLoaded:1 Bounds:IsValid=true, Min=(X=160.000 Y=1690.000 Z=630.000), Max=(X=160.000 Y=1690.000 Z=630.000) RuntimeGrid:None EditorOnly:0 RuntimeOnly:0 HLODRelevant:0 ListedInSceneOutliner:1 IsMainWorldOnly:0
 |   |   |- [+] [ 30]
 |   |   |   |- Guid:7DDCF3084DDDE6CF5C99CEB96AEA672B BaseClass: NativeClass:/Script/Engine.StaticMeshActor Name:StaticMeshActor_UAID_3C6AA7B439258AD801_1543457546 Label:SM_Cube4 SpatiallyLoaded:1 Bounds:IsValid=true, Min=(X=0.000 Y=0.000 Z=-50.000), Max=(X=3000.000 Y=3500.000 Z=0.000) RuntimeGrid:None EditorOnly:0 RuntimeOnly:0 HLODRelevant:1 ListedInSceneOutliner:1 IsMainWorldOnly:0 FolderPath:Playground FolderGuid:C73F09FC4215536B1DCE2A9E0A830C70
 |   |   |- [+] [ 31]
 |   |   |   |- Guid:81A709F648F711EA5FFF009EFCF97182 BaseClass: NativeClass:/Script/Engine.StaticMeshActor Name:StaticMeshActor_UAID_3C6AA7B43925CBD901_1088264046 Label:SM_box_tray2 SpatiallyLoaded:1 Bounds:IsValid=true, Min=(X=1670.277 Y=1357.118 Z=-0.373), Max=(X=1760.775 Y=1523.105 Z=141.602) RuntimeGrid:None EditorOnly:0 RuntimeOnly:0 HLODRelevant:1 ListedInSceneOutliner:1 IsMainWorldOnly:0
 |   |   |- [+] [ 32]
 |   |   |   |- Guid:8DA7425A47D0A72CF42D6B978001AAED BaseClass: NativeClass:/Script/Engine.StaticMeshActor Name:StaticMeshActor_UAID_3C6AA7B4392583D901_1212229376 Label:SM_grass_3 SpatiallyLoaded:1 Bounds:IsValid=true, Min=(X=5530.000 Y=120.002 Z=10.000), Max=(X=7130.000 Y=1720.002 Z=10.000) RuntimeGrid:None EditorOnly:0 RuntimeOnly:0 HLODRelevant:1 ListedInSceneOutliner:1 IsMainWorldOnly:0
 |   |   |- [+] [ 33]
 |   |   |   |- Guid:94C9EAFB4BD0F18CA4E37F955531E7DC BaseClass: NativeClass:/Script/Engine.SkeletalMeshActor Name:SkeletalMeshActor_UAID_3C6AA7B4392583D901_2022430395 Label:SK_citizen_female_07 SpatiallyLoaded:1 Bounds:IsValid=true, Min=(X=5655.950 Y=1530.601 Z=5.897), Max=(X=5804.047 Y=1593.265 Z=193.991) RuntimeGrid:None EditorOnly:0 RuntimeOnly:0 HLODRelevant:0 ListedInSceneOutliner:1 IsMainWorldOnly:0
 |   |   |- [+] [ 34]
 |   |   |   |- Guid:9BE72E964882C084B02730A74D853EA7 BaseClass: NativeClass:/Script/Engine.StaticMeshActor Name:StaticMeshActor_UAID_3C6AA7B4392583D901_1334464384 Label:SM_tree_04 SpatiallyLoaded:1 Bounds:IsValid=true, Min=(X=6203.269 Y=-1070.104 Z=10.000), Max=(X=6641.328 Y=-657.451 Z=1634.472) RuntimeGrid:None EditorOnly:0 RuntimeOnly:0 HLODRelevant:1 ListedInSceneOutliner:1 IsMainWorldOnly:0
 |   |   |- [+] [ 35]
 |   |   |   |- Guid:9D080AA2417120D997FD599057FFDE2F BaseClass:/Game/Objects/InteractableNPC.InteractableNPC_C NativeClass:/Script/Engine.Actor Name:InteractableNPC_C_UAID_3C6AA7B4392583D901_1785546391 Label:InteractableNPC3 SpatiallyLoaded:1 Bounds:IsValid=true, Min=(X=5666.000 Y=1486.000 Z=7.000), Max=(X=5794.000 Y=1614.000 Z=235.000) RuntimeGrid:None EditorOnly:0 RuntimeOnly:0 HLODRelevant:0 ListedInSceneOutliner:1 IsMainWorldOnly:0
 |   |   |- [+] [ 36]
 |   |   |   |- Guid:A3D0A8A049CE2677433136A7BE08ACA2 BaseClass: NativeClass:/Script/Engine.StaticMeshActor Name:StaticMeshActor_UAID_3C6AA7B4392583D901_1322942382 Label:SM_tree_02 SpatiallyLoaded:1 Bounds:IsValid=true, Min=(X=4793.378 Y=-1350.558 Z=10.000), Max=(X=5991.708 Y=-127.754 Z=1258.049) RuntimeGrid:None EditorOnly:0 RuntimeOnly:0 HLODRelevant:1 ListedInSceneOutliner:1 IsMainWorldOnly:0
 |   |   |- [+] [ 37]
 |   |   |   |- Guid:A56216954B2165CF0F35A886B537D536 BaseClass: NativeClass:/Script/Engine.StaticMeshActor Name:StaticMeshActor_0 Label:SM_Cube5 SpatiallyLoaded:1 Bounds:IsValid=true, Min=(X=-0.000 Y=100.000 Z=0.000), Max=(X=100.000 Y=3400.000 Z=400.000) RuntimeGrid:None EditorOnly:0 RuntimeOnly:0 HLODRelevant:1 ListedInSceneOutliner:1 IsMainWorldOnly:0 FolderPath:Playground FolderGuid:C73F09FC4215536B1DCE2A9E0A830C70
 |   |   |- [+] [ 38]
 |   |   |   |- Guid:B5B3C32847FD2367C50239AB8CB1D039 BaseClass:/Game/LevelHandlers/GoalController.GoalController_C NativeClass:/Script/Engine.Actor Name:GoalController_C_UAID_3C6AA7B439259DD801_1384984899 Label:GoalController3 SpatiallyLoaded:1 Bounds:IsValid=true, Min=(X=140.000 Y=1550.000 Z=640.000), Max=(X=140.000 Y=1550.000 Z=640.000) RuntimeGrid:None EditorOnly:0 RuntimeOnly:0 HLODRelevant:0 ListedInSceneOutliner:1 IsMainWorldOnly:0
 |   |   |- [+] [ 39]
 |   |   |   |- Guid:B785ED2844B84CFB91E7F39FE661CD99 BaseClass: NativeClass:/Script/Engine.DirectionalLight Name:DirectionalLight_0 Label:DirectionalLight SpatiallyLoaded:0 Bounds:IsValid=true, Min=(X=-1048576.000 Y=-1048576.000 Z=-1048576.000), Max=(X=1048576.000 Y=1048576.000 Z=1048576.000) RuntimeGrid:None EditorOnly:0 RuntimeOnly:0 HLODRelevant:0 ListedInSceneOutliner:1 IsMainWorldOnly:0 FolderPath:Lighting FolderGuid:963EC3EB4002CCE9759E2EBA541A873A
 |   |   |- [+] [ 40]
 |   |   |   |- Guid:BADCE5EF467A05B1C26936B41BA7EF8A BaseClass:/Game/PlayerStart_Blueprint.PlayerStart_Blueprint_C NativeClass:/Script/Engine.PlayerStart Name:PlayerStart_Blueprint_C_UAID_3C6AA7B439257ED901_1213972492 Label:PlayerStart_Blueprint SpatiallyLoaded:0 Bounds:IsValid=true, Min=(X=836.000 Y=1046.000 Z=0.013), Max=(X=964.000 Y=1174.000 Z=184.013) RuntimeGrid:None EditorOnly:0 RuntimeOnly:0 HLODRelevant:0 ListedInSceneOutliner:1 IsMainWorldOnly:0
 |   |   |- [+] [ 41]
 |   |   |   |- Guid:BC08B79C4EA3C961CFF75EBBE83B367D BaseClass: NativeClass:/Script/Engine.StaticMeshActor Name:StaticMeshActor_5 Label:SM_Cube2 SpatiallyLoaded:1 Bounds:IsValid=true, Min=(X=0.000 Y=0.000 Z=0.000), Max=(X=3000.000 Y=100.000 Z=400.000) RuntimeGrid:None EditorOnly:0 RuntimeOnly:0 HLODRelevant:1 ListedInSceneOutliner:1 IsMainWorldOnly:0 FolderPath:Playground FolderGuid:C73F09FC4215536B1DCE2A9E0A830C70
 |   |   |- [+] [ 42]
 |   |   |   |- Guid:BD5E02AC4EA63637585462A6C5BBC266 BaseClass: NativeClass:/Script/Engine.SkeletalMeshActor Name:SkeletalMeshActor_UAID_3C6AA7B4392583D901_1883151394 Label:SK_citizen_male_04 SpatiallyLoaded:1 Bounds:IsValid=true, Min=(X=1085.950 Y=420.601 Z=-4.103), Max=(X=1234.047 Y=483.265 Z=183.991) RuntimeGrid:None EditorOnly:0 RuntimeOnly:0 HLODRelevant:0 ListedInSceneOutliner:1 IsMainWorldOnly:0
 |   |   |- [+] [ 43]
 |   |   |   |- Guid:C6C5691B436742B40225B592711C7262 BaseClass: NativeClass:/Script/Engine.StaticMeshActor Name:StaticMeshActor_UAID_3C6AA7B4392583D901_1347498387 Label:SM_tree_3 SpatiallyLoaded:1 Bounds:IsValid=true, Min=(X=5912.181 Y=-1130.348 Z=10.000), Max=(X=6567.785 Y=-455.717 Z=1388.593) RuntimeGrid:None EditorOnly:0 RuntimeOnly:0 HLODRelevant:1 ListedInSceneOutliner:1 IsMainWorldOnly:0
 |   |   |- [+] [ 44]
 |   |   |   |- Guid:CCFF262C46EEFFDF319E7F9539CE697E BaseClass: NativeClass:/Script/Engine.SkyAtmosphere Name:SkyAtmosphere_0 Label:SkyAtmosphere SpatiallyLoaded:0 Bounds:IsValid=true, Min=(X=0.000 Y=0.000 Z=1020.000), Max=(X=0.000 Y=0.000 Z=1020.000) RuntimeGrid:None EditorOnly:0 RuntimeOnly:0 HLODRelevant:0 ListedInSceneOutliner:1 IsMainWorldOnly:0 FolderPath:Lighting FolderGuid:963EC3EB4002CCE9759E2EBA541A873A
 |   |   |- [+] [ 45]
 |   |   |   |- Guid:D4AABE8B4CF896D58D5182B38CC79559 BaseClass: NativeClass:/Script/Engine.StaticMeshActor Name:StaticMeshActor_UAID_3C6AA7B4392583D901_1591421390 Label:SM_Table_04 SpatiallyLoaded:1 Bounds:IsValid=true, Min=(X=5925.336 Y=1506.516 Z=9.553), Max=(X=6134.664 Y=1593.956 Z=68.389) RuntimeGrid:None EditorOnly:0 RuntimeOnly:0 HLODRelevant:1 ListedInSceneOutliner:1 IsMainWorldOnly:0
 |   |   |- [+] [ 46]
 |   |   |   |- Guid:DA95EF98479BABFDEC28B18DC320858A BaseClass:/Game/LevelHandlers/GoalController.GoalController_C NativeClass:/Script/Engine.Actor Name:GoalController_C_UAID_3C6AA7B439259DD801_1383243898 Label:GoalController2 SpatiallyLoaded:1 Bounds:IsValid=true, Min=(X=150.000 Y=1630.000 Z=630.000), Max=(X=150.000 Y=1630.000 Z=630.000) RuntimeGrid:None EditorOnly:0 RuntimeOnly:0 HLODRelevant:0 ListedInSceneOutliner:1 IsMainWorldOnly:0
 |   |   |- [+] [ 47]
 |   |   |   |- Guid:E0B3CFF64C6328926E4311BD264368FC BaseClass: NativeClass:/Script/Engine.StaticMeshActor Name:StaticMeshActor_UAID_3C6AA7B43925CAD901_2145603868 Label:SM_box_tray SpatiallyLoaded:1 Bounds:IsValid=true, Min=(X=1440.277 Y=1437.118 Z=-0.373), Max=(X=1530.775 Y=1603.105 Z=141.602) RuntimeGrid:None EditorOnly:0 RuntimeOnly:0 HLODRelevant:1 ListedInSceneOutliner:1 IsMainWorldOnly:0
 |   |   |- [+] [ 48]
 |   |   |   |- Guid:E626A0C942F7FB586C0F74B36762CF55 BaseClass: NativeClass:/Script/Engine.StaticMeshActor Name:StaticMeshActor_UAID_3C6AA7B4392583D901_1320678381 Label:SM_tree_01 SpatiallyLoaded:1 Bounds:IsValid=true, Min=(X=4632.181 Y=-1160.348 Z=10.000), Max=(X=5287.785 Y=-485.717 Z=1388.593) RuntimeGrid:None EditorOnly:0 RuntimeOnly:0 HLODRelevant:1 ListedInSceneOutliner:1 IsMainWorldOnly:0
 |   |   |- [+] [ 49]
 |   |   |   |- Guid:E7EE31B7439353EC5E5969B55BFE47D2 BaseClass: NativeClass:/Script/Engine.StaticMeshActor Name:StaticMeshActor_UAID_3C6AA7B4392558D601_1442118632 Label:SM_ChamferCube SpatiallyLoaded:1 Bounds:IsValid=true, Min=(X=1570.000 Y=1370.000 Z=10.000), Max=(X=1670.000 Y=1470.000 Z=110.000) RuntimeGrid:None EditorOnly:0 RuntimeOnly:0 HLODRelevant:1 ListedInSceneOutliner:1 IsMainWorldOnly:0
 |   |   |- [+] [ 50]
 |   |   |   |- Guid:EAC21064440E9592C9431CAF92204135 BaseClass: NativeClass:/Script/Engine.StaticMeshActor Name:StaticMeshActor_UAID_3C6AA7B4392583D901_1344056386 Label:SM_rock_01 SpatiallyLoaded:1 Bounds:IsValid=true, Min=(X=6388.909 Y=-521.207 Z=9.874), Max=(X=6410.263 Y=-498.895 Z=15.957) RuntimeGrid:None EditorOnly:0 RuntimeOnly:0 HLODRelevant:1 ListedInSceneOutliner:1 IsMainWorldOnly:0
 |   |   |- [+] [ 51]
 |   |   |   |- Guid:EC4E0C944CE6AC6E784BC6BB2916EA13 BaseClass: NativeClass:/Script/Engine.StaticMeshActor Name:StaticMeshActor_UAID_A4AE111137DC5EFB00_1110535423 Label:SM_SkySphere SpatiallyLoaded:0 Bounds:IsValid=true, Min=(X=-1638400.000 Y=-1638400.000 Z=-1638400.000), Max=(X=1638400.000 Y=1638400.000 Z=1638400.000) RuntimeGrid:None EditorOnly:0 RuntimeOnly:0 HLODRelevant:1 ListedInSceneOutliner:1 IsMainWorldOnly:0 FolderPath:Lighting FolderGuid:963EC3EB4002CCE9759E2EBA541A873A
 |   |   |- [+] [ 52]
 |   |   |   |- Guid:F1924B8D48954B30891B2DB6A694F9CC BaseClass: NativeClass:/Script/Engine.StaticMeshActor Name:StaticMeshActor_1 Label:SM_Cube SpatiallyLoaded:1 Bounds:IsValid=true, Min=(X=0.000 Y=0.000 Z=-50.000), Max=(X=5000.000 Y=5000.000 Z=0.000) RuntimeGrid:None EditorOnly:0 RuntimeOnly:0 HLODRelevant:1 ListedInSceneOutliner:1 IsMainWorldOnly:0 FolderPath:Playground FolderGuid:C73F09FC4215536B1DCE2A9E0A830C70
 |   |   |- [+] [ 53]
 |   |   |   |- Guid:F5E3FEB3450C49844FD93DA8E083C8AD BaseClass: NativeClass:/Script/Engine.PostProcessVolume Name:PostProcessVolume_0 Label:PostProcessVolume SpatiallyLoaded:0 Bounds:IsValid=true, Min=(X=0.000 Y=0.000 Z=400.000), Max=(X=200.000 Y=200.000 Z=600.000) RuntimeGrid:None EditorOnly:0 RuntimeOnly:0 HLODRelevant:0 ListedInSceneOutliner:1 IsMainWorldOnly:0 FolderPath:Lighting FolderGuid:963EC3EB4002CCE9759E2EBA541A873A
 |   |   |- [+] [ 54]
 |   |   |   |- Guid:F980EE064B66394D517933911B91B5BA BaseClass: NativeClass:/Script/Engine.SkeletalMeshActor Name:SkeletalMeshActor_UAID_3C6AA7B4392583D901_1879876393 Label:SK_citizen_male_01 SpatiallyLoaded:1 Bounds:IsValid=true, Min=(X=1515.950 Y=420.601 Z=-4.103), Max=(X=1664.047 Y=483.265 Z=183.991) RuntimeGrid:None EditorOnly:0 RuntimeOnly:0 HLODRelevant:0 ListedInSceneOutliner:1 IsMainWorldOnly:0
 |- ContainerInstances:
 |- [+] MainContainer:
 |   |-        ID: 00000000000000000000000000000000
 |   |-  ParentID: 00000000000000000000000000000000
 |   |-    Bounds: IsValid=false, Min=(X=0.000 Y=0.000 Z=0.000), Max=(X=0.000 Y=0.000 Z=0.000)
 |   |- Transform: 0.000000,0.000000,0.000000|0.000000,0.000000,-0.000000|1.000000,1.000000,1.000000
 |   |- Container: /Game/ThirdPerson/Maps/ThirdPersonMap
----------------------------------------------------------------------------------------------------------------
ThirdPersonMap - Persistent Level
----------------------------------------------------------------------------------------------------------------
[+] Content of ThirdPersonMap Persistent Level
 |- Always loaded Actor Count: 63 
 |- Actor Path: /Game/ThirdPerson/Maps/ThirdPersonMap.ThirdPersonMap:PersistentLevel.AbstractNavData-Default
 |- Actor Package: /Game/ThirdPerson/Maps/ThirdPersonMap
 |- Actor Path: /Game/ThirdPerson/Maps/ThirdPersonMap.ThirdPersonMap:PersistentLevel.Brush_0
 |- Actor Package: /Game/ThirdPerson/Maps/ThirdPersonMap
 |- Actor Path: /Game/ThirdPerson/Maps/ThirdPersonMap.ThirdPersonMap:PersistentLevel.DefaultPhysicsVolume_0
 |- Actor Package: /Game/ThirdPerson/Maps/ThirdPersonMap
 |- Actor Path: /Game/ThirdPerson/Maps/ThirdPersonMap.ThirdPersonMap:PersistentLevel.DirectionalLight_0
 |- Actor Package: /Game/__ExternalActors__/ThirdPerson/Maps/ThirdPersonMap/5/R1/TS5OQ5CRUWFZYL1ZQ7I416
 |- Actor Path: /Game/ThirdPerson/Maps/ThirdPersonMap.ThirdPersonMap:PersistentLevel.ExponentialHeightFog_0
 |- Actor Package: /Game/__ExternalActors__/ThirdPerson/Maps/ThirdPersonMap/6/J7/N10XDC9G27EMLS5AGZ6AVV
 |- Actor Path: /Game/ThirdPerson/Maps/ThirdPersonMap.ThirdPersonMap:PersistentLevel.GameplayDebuggerPlayerManager_0
 |- Actor Package: /Game/ThirdPerson/Maps/ThirdPersonMap
 |- Actor Path: /Game/ThirdPerson/Maps/ThirdPersonMap.ThirdPersonMap:PersistentLevel.GoalController_C_UAID_3C6AA7B439259DD801_1372217895
 |- Actor Package: /Game/__ExternalActors__/ThirdPerson/Maps/ThirdPersonMap/B/Z8/7ISLP8WFN43SCY8KGDTM1D
 |- Actor Path: /Game/ThirdPerson/Maps/ThirdPersonMap.ThirdPersonMap:PersistentLevel.GoalController_C_UAID_3C6AA7B439259DD801_1383243898
 |- Actor Package: /Game/__ExternalActors__/ThirdPerson/Maps/ThirdPersonMap/6/3U/RY4LSKR84YRLLEQLCMTOJO
 |- Actor Path: /Game/ThirdPerson/Maps/ThirdPersonMap.ThirdPersonMap:PersistentLevel.GoalController_C_UAID_3C6AA7B439259DD801_1384984899
 |- Actor Package: /Game/__ExternalActors__/ThirdPerson/Maps/ThirdPersonMap/9/E1/WEIZ6W12VFK03XGUFYW51Q
 |- Actor Path: /Game/ThirdPerson/Maps/ThirdPersonMap.ThirdPersonMap:PersistentLevel.InteractableNPC_C_UAID_3C6AA7B4392583D901_1785546391
 |- Actor Package: /Game/__ExternalActors__/ThirdPerson/Maps/ThirdPersonMap/B/7S/BQW5MHIKXNITKOPRNSFKTC
 |- Actor Path: /Game/ThirdPerson/Maps/ThirdPersonMap.ThirdPersonMap:PersistentLevel.InteractableNPC_C_UAID_3C6AA7B43925A3D601_2050122831
 |- Actor Package: /Game/__ExternalActors__/ThirdPerson/Maps/ThirdPersonMap/0/IQ/FRVXB6ZM32U0TXPHH6VH5Z
 |- Actor Path: /Game/ThirdPerson/Maps/ThirdPersonMap.ThirdPersonMap:PersistentLevel.InteractableNPC_C_UAID_3C6AA7B43925A5D601_1486455185
 |- Actor Package: /Game/__ExternalActors__/ThirdPerson/Maps/ThirdPersonMap/2/9J/ELEEYCRKHUHMNFOZJPFKH7
 |- Actor Path: /Game/ThirdPerson/Maps/ThirdPersonMap.ThirdPersonMap:PersistentLevel.interactableObject_C_UAID_3C6AA7B4392567D601_1468303277
 |- Actor Package: /Game/__ExternalActors__/ThirdPerson/Maps/ThirdPersonMap/7/BJ/FQ2OW7P4EUBR1K3TNDORA7
 |- Actor Path: /Game/ThirdPerson/Maps/ThirdPersonMap.ThirdPersonMap:PersistentLevel.interactableObject_C_UAID_3C6AA7B4392583D901_1374778389
 |- Actor Package: /Game/__ExternalActors__/ThirdPerson/Maps/ThirdPersonMap/8/0V/AOY311PRU2ACCYC924KMWC
 |- Actor Path: /Game/ThirdPerson/Maps/ThirdPersonMap.ThirdPersonMap:PersistentLevel.interactableObject_C_UAID_3C6AA7B43925CAD901_1617576865
 |- Actor Package: /Game/__ExternalActors__/ThirdPerson/Maps/ThirdPersonMap/E/OL/ID1QNMXCR2KPUAHQZRKEYB
 |- Actor Path: /Game/ThirdPerson/Maps/ThirdPersonMap.ThirdPersonMap:PersistentLevel.levelController_C_UAID_3C6AA7B439259DD801_1373846896
 |- Actor Package: /Game/__ExternalActors__/ThirdPerson/Maps/ThirdPersonMap/A/KH/X54P1S9KBSSHKJPE9AT9GZ
 |- Actor Path: /Game/ThirdPerson/Maps/ThirdPersonMap.ThirdPersonMap:PersistentLevel.obtainableObject_C_UAID_3C6AA7B4392532D901_1566910111
 |- Actor Package: /Game/__ExternalActors__/ThirdPerson/Maps/ThirdPersonMap/D/KB/HJFHOLQ7MSQV3OBD39QT7B
 |- Actor Path: /Game/ThirdPerson/Maps/ThirdPersonMap.ThirdPersonMap:PersistentLevel.PlayerStart_Blueprint_C_UAID_3C6AA7B439257ED901_1213972492
 |- Actor Package: /Game/__ExternalActors__/ThirdPerson/Maps/ThirdPersonMap/9/55/TZLZWE5JNSZSA35VOMINEV
 |- Actor Path: /Game/ThirdPerson/Maps/ThirdPersonMap.ThirdPersonMap:PersistentLevel.PostProcessVolume_0
 |- Actor Package: /Game/__ExternalActors__/ThirdPerson/Maps/ThirdPersonMap/1/AZ/A7GPT109Y6ZTTJD4A7TXER
 |- Actor Path: /Game/ThirdPerson/Maps/ThirdPersonMap.ThirdPersonMap:PersistentLevel.PostProcessVolume_UAID_3C6AA7B439258DD901_1283133156
 |- Actor Package: /Game/__ExternalActors__/ThirdPerson/Maps/ThirdPersonMap/2/93/ZXKR5G3TPDMS5ZL9E2CFZZ
 |- Actor Path: /Game/ThirdPerson/Maps/ThirdPersonMap.ThirdPersonMap:PersistentLevel.SkeletalMeshActor_UAID_3C6AA7B4392583D901_1879876393
 |- Actor Package: /Game/__ExternalActors__/ThirdPerson/Maps/ThirdPersonMap/3/WI/NT4YE3P8YQ5834TTNDJ60G
 |- Actor Path: /Game/ThirdPerson/Maps/ThirdPersonMap.ThirdPersonMap:PersistentLevel.SkeletalMeshActor_UAID_3C6AA7B4392583D901_1883151394
 |- Actor Package: /Game/__ExternalActors__/ThirdPerson/Maps/ThirdPersonMap/5/MK/0WKRZY11EWBZAZO91JAHEK
 |- Actor Path: /Game/ThirdPerson/Maps/ThirdPersonMap.ThirdPersonMap:PersistentLevel.SkeletalMeshActor_UAID_3C6AA7B4392583D901_2022430395
 |- Actor Package: /Game/__ExternalActors__/ThirdPerson/Maps/ThirdPersonMap/B/9N/ES4AY8UTKLY4YW43ZJEO1K
 |- Actor Path: /Game/ThirdPerson/Maps/ThirdPersonMap.ThirdPersonMap:PersistentLevel.SkyAtmosphere_0
 |- Actor Package: /Game/__ExternalActors__/ThirdPerson/Maps/ThirdPersonMap/4/LN/30UBDLYFFA5ZR7U4W4L4GG
 |- Actor Path: /Game/ThirdPerson/Maps/ThirdPersonMap.ThirdPersonMap:PersistentLevel.SkyLight_1
 |- Actor Package: /Game/__ExternalActors__/ThirdPerson/Maps/ThirdPersonMap/8/S1/DXUWD12MD3HRWVVXX076BY
 |- Actor Path: /Game/ThirdPerson/Maps/ThirdPersonMap.ThirdPersonMap:PersistentLevel.StaticMeshActor_0
 |- Actor Package: /Game/__ExternalActors__/ThirdPerson/Maps/ThirdPersonMap/A/MS/MRHJREJ6H7USQYWF1KO8F6
 |- Actor Path: /Game/ThirdPerson/Maps/ThirdPersonMap.ThirdPersonMap:PersistentLevel.StaticMeshActor_1
 |- Actor Package: /Game/__ExternalActors__/ThirdPerson/Maps/ThirdPersonMap/6/YO/NG2R9BPZVA7ZDN0Z4VSTG6
 |- Actor Path: /Game/ThirdPerson/Maps/ThirdPersonMap.ThirdPersonMap:PersistentLevel.StaticMeshActor_5
 |- Actor Package: /Game/__ExternalActors__/ThirdPerson/Maps/ThirdPersonMap/C/QF/BY1DA5CRGQSAMOTK8RA8KR
 |- Actor Path: /Game/ThirdPerson/Maps/ThirdPersonMap.ThirdPersonMap:PersistentLevel.StaticMeshActor_UAID_3C6AA7B4392558D601_1442118632
 |- Actor Package: /Game/__ExternalActors__/ThirdPerson/Maps/ThirdPersonMap/1/91/VURCYQ4AMARY2VG2YREWMX
 |- Actor Path: /Game/ThirdPerson/Maps/ThirdPersonMap.ThirdPersonMap:PersistentLevel.StaticMeshActor_UAID_3C6AA7B439257DD901_1664958314
 |- Actor Package: /Game/__ExternalActors__/ThirdPerson/Maps/ThirdPersonMap/C/DO/LQLLVZ7GHONJ5SEDC5KGJB
 |- Actor Path: /Game/ThirdPerson/Maps/ThirdPersonMap.ThirdPersonMap:PersistentLevel.StaticMeshActor_UAID_3C6AA7B4392583D901_1165294373
 |- Actor Package: /Game/__ExternalActors__/ThirdPerson/Maps/ThirdPersonMap/B/VS/3HT4EZ3HLM0U7DDPFWRYUA
 |- Actor Path: /Game/ThirdPerson/Maps/ThirdPersonMap.ThirdPersonMap:PersistentLevel.StaticMeshActor_UAID_3C6AA7B4392583D901_1198939374
 |- Actor Package: /Game/__ExternalActors__/ThirdPerson/Maps/ThirdPersonMap/6/1Z/8199GSN3F3KO7BYRGMLVFB
 |- Actor Path: /Game/ThirdPerson/Maps/ThirdPersonMap.ThirdPersonMap:PersistentLevel.StaticMeshActor_UAID_3C6AA7B4392583D901_1205867375
 |- Actor Package: /Game/__ExternalActors__/ThirdPerson/Maps/ThirdPersonMap/E/LF/8AH2SWCJQSUEIRLY9WJ6IS
 |- Actor Path: /Game/ThirdPerson/Maps/ThirdPersonMap.ThirdPersonMap:PersistentLevel.StaticMeshActor_UAID_3C6AA7B4392583D901_1212229376
 |- Actor Package: /Game/__ExternalActors__/ThirdPerson/Maps/ThirdPersonMap/E/HG/XFZY4XAL4YXGS1SBY6ZTVG
 |- Actor Path: /Game/ThirdPerson/Maps/ThirdPersonMap.ThirdPersonMap:PersistentLevel.StaticMeshActor_UAID_3C6AA7B4392583D901_1246428377
 |- Actor Package: /Game/__ExternalActors__/ThirdPerson/Maps/ThirdPersonMap/4/1K/4WRYA293ED5D6CSOJTDLJI
 |- Actor Path: /Game/ThirdPerson/Maps/ThirdPersonMap.ThirdPersonMap:PersistentLevel.StaticMeshActor_UAID_3C6AA7B4392583D901_1289218378
 |- Actor Package: /Game/__ExternalActors__/ThirdPerson/Maps/ThirdPersonMap/E/7B/XHLFJBQ8H4NF4ZD0TJM16Q
 |- Actor Path: /Game/ThirdPerson/Maps/ThirdPersonMap.ThirdPersonMap:PersistentLevel.StaticMeshActor_UAID_3C6AA7B4392583D901_1317990380
 |- Actor Package: /Game/__ExternalActors__/ThirdPerson/Maps/ThirdPersonMap/6/MY/XZHGXJQQUF07JG5ES2QQ6U
 |- Actor Path: /Game/ThirdPerson/Maps/ThirdPersonMap.ThirdPersonMap:PersistentLevel.StaticMeshActor_UAID_3C6AA7B4392583D901_1320678381
 |- Actor Package: /Game/__ExternalActors__/ThirdPerson/Maps/ThirdPersonMap/9/RG/CQJ5WW37CR6KLTFWNY1F87
 |- Actor Path: /Game/ThirdPerson/Maps/ThirdPersonMap.ThirdPersonMap:PersistentLevel.StaticMeshActor_UAID_3C6AA7B4392583D901_1322942382
 |- Actor Package: /Game/__ExternalActors__/ThirdPerson/Maps/ThirdPersonMap/2/5P/TIRVYUIWIWBIIDOLOWS3CC
 |- Actor Path: /Game/ThirdPerson/Maps/ThirdPersonMap.ThirdPersonMap:PersistentLevel.StaticMeshActor_UAID_3C6AA7B4392583D901_1325551383
 |- Actor Package: /Game/__ExternalActors__/ThirdPerson/Maps/ThirdPersonMap/7/3J/9QOTBO4XV9WH30M01YWPZT
 |- Actor Path: /Game/ThirdPerson/Maps/ThirdPersonMap.ThirdPersonMap:PersistentLevel.StaticMeshActor_UAID_3C6AA7B4392583D901_1334464384
 |- Actor Package: /Game/__ExternalActors__/ThirdPerson/Maps/ThirdPersonMap/3/G6/PMKKWW4D6Q2K55R7VQVYF3
 |- Actor Path: /Game/ThirdPerson/Maps/ThirdPersonMap.ThirdPersonMap:PersistentLevel.StaticMeshActor_UAID_3C6AA7B4392583D901_1341277385
 |- Actor Package: /Game/__ExternalActors__/ThirdPerson/Maps/ThirdPersonMap/5/1H/EY3I82VRFUZFMZDV4R95HS
 |- Actor Path: /Game/ThirdPerson/Maps/ThirdPersonMap.ThirdPersonMap:PersistentLevel.StaticMeshActor_UAID_3C6AA7B4392583D901_1344056386
 |- Actor Package: /Game/__ExternalActors__/ThirdPerson/Maps/ThirdPersonMap/6/Q6/SF2U7YWCBK63R37I8WEBDP
 |- Actor Path: /Game/ThirdPerson/Maps/ThirdPersonMap.ThirdPersonMap:PersistentLevel.StaticMeshActor_UAID_3C6AA7B4392583D901_1347498387
 |- Actor Package: /Game/__ExternalActors__/ThirdPerson/Maps/ThirdPersonMap/6/UI/6M7IF7MQH4RNOS80ZHS5AU
 |- Actor Path: /Game/ThirdPerson/Maps/ThirdPersonMap.ThirdPersonMap:PersistentLevel.StaticMeshActor_UAID_3C6AA7B4392583D901_1350473388
 |- Actor Package: /Game/__ExternalActors__/ThirdPerson/Maps/ThirdPersonMap/A/0P/HWWIHJVGHB8TVL2FS9WW42
 |- Actor Path: /Game/ThirdPerson/Maps/ThirdPersonMap.ThirdPersonMap:PersistentLevel.StaticMeshActor_UAID_3C6AA7B4392583D901_1591421390
 |- Actor Package: /Game/__ExternalActors__/ThirdPerson/Maps/ThirdPersonMap/6/CJ/J870V7M4E90YZ361KY4QHP
 |- Actor Path: /Game/ThirdPerson/Maps/ThirdPersonMap.ThirdPersonMap:PersistentLevel.StaticMeshActor_UAID_3C6AA7B439258AD801_1543457546
 |- Actor Package: /Game/__ExternalActors__/ThirdPerson/Maps/ThirdPersonMap/6/FX/AZW8OBDV3EYM4SR5M9M8XD
 |- Actor Path: /Game/ThirdPerson/Maps/ThirdPersonMap.ThirdPersonMap:PersistentLevel.StaticMeshActor_UAID_3C6AA7B43925CAD901_1592149863
 |- Actor Package: /Game/__ExternalActors__/ThirdPerson/Maps/ThirdPersonMap/B/IC/6V6O7CW2ARYLVRM9UT0IFB
 |- Actor Path: /Game/ThirdPerson/Maps/ThirdPersonMap.ThirdPersonMap:PersistentLevel.StaticMeshActor_UAID_3C6AA7B43925CAD901_2135361866
 |- Actor Package: /Game/__ExternalActors__/ThirdPerson/Maps/ThirdPersonMap/D/3F/A0F7JA8RE8FZEU2EAV7AIZ
 |- Actor Path: /Game/ThirdPerson/Maps/ThirdPersonMap.ThirdPersonMap:PersistentLevel.StaticMeshActor_UAID_3C6AA7B43925CAD901_2140833867
 |- Actor Package: /Game/__ExternalActors__/ThirdPerson/Maps/ThirdPersonMap/C/OK/N6CQIOBWFSZEGTKBUC2X7M
 |- Actor Path: /Game/ThirdPerson/Maps/ThirdPersonMap.ThirdPersonMap:PersistentLevel.StaticMeshActor_UAID_3C6AA7B43925CAD901_2145603868
 |- Actor Package: /Game/__ExternalActors__/ThirdPerson/Maps/ThirdPersonMap/5/NB/688JZ7V3LTIW68MKQV2IGP
 |- Actor Path: /Game/ThirdPerson/Maps/ThirdPersonMap.ThirdPersonMap:PersistentLevel.StaticMeshActor_UAID_3C6AA7B43925CBD901_1081389045
 |- Actor Package: /Game/__ExternalActors__/ThirdPerson/Maps/ThirdPersonMap/8/70/A4SN1O2CU1TKJ58VVQ6E08
 |- Actor Path: /Game/ThirdPerson/Maps/ThirdPersonMap.ThirdPersonMap:PersistentLevel.StaticMeshActor_UAID_3C6AA7B43925CBD901_1088264046
 |- Actor Package: /Game/__ExternalActors__/ThirdPerson/Maps/ThirdPersonMap/A/0V/0511DHYT1WDUT4O2UIANJG
 |- Actor Path: /Game/ThirdPerson/Maps/ThirdPersonMap.ThirdPersonMap:PersistentLevel.StaticMeshActor_UAID_3C6AA7B43925CBD901_1091269047
 |- Actor Package: /Game/__ExternalActors__/ThirdPerson/Maps/ThirdPersonMap/3/OY/L6JKMC0BO6KW9CKPE29SOU
 |- Actor Path: /Game/ThirdPerson/Maps/ThirdPersonMap.ThirdPersonMap:PersistentLevel.StaticMeshActor_UAID_3C6AA7B43925CBD901_1095434048
 |- Actor Package: /Game/__ExternalActors__/ThirdPerson/Maps/ThirdPersonMap/4/XY/OL78Z1ETLQEK3VYMXBHNIS
 |- Actor Path: /Game/ThirdPerson/Maps/ThirdPersonMap.ThirdPersonMap:PersistentLevel.StaticMeshActor_UAID_3C6AA7B43925CBD901_1099722049
 |- Actor Package: /Game/__ExternalActors__/ThirdPerson/Maps/ThirdPersonMap/4/Q2/UGLD49W818Z2H4Z6HLOLN5
 |- Actor Path: /Game/ThirdPerson/Maps/ThirdPersonMap.ThirdPersonMap:PersistentLevel.StaticMeshActor_UAID_A4AE111137DC5EFB00_1110535423
 |- Actor Package: /Game/__ExternalActors__/ThirdPerson/Maps/ThirdPersonMap/4/PN/2QISIGK5DJNQ05US8O8FXW
 |- Actor Path: /Game/ThirdPerson/Maps/ThirdPersonMap.ThirdPersonMap:PersistentLevel.TextRenderActor_1
 |- Actor Package: /Game/__ExternalActors__/ThirdPerson/Maps/ThirdPersonMap/1/WU/NB37RT5Q32Z8MJWD8BD2SO
 |- Actor Path: /Game/ThirdPerson/Maps/ThirdPersonMap.ThirdPersonMap:PersistentLevel.ThirdPersonExampleMap_C_0
 |- Actor Package: /Game/ThirdPerson/Maps/ThirdPersonMap
 |- Actor Path: /Game/ThirdPerson/Maps/ThirdPersonMap.ThirdPersonMap:PersistentLevel.VolumetricCloud_0
 |- Actor Package: /Game/__ExternalActors__/ThirdPerson/Maps/ThirdPersonMap/3/EY/87SHEJN5UBEAN2K5OV1G6R
 |- Actor Path: /Game/ThirdPerson/Maps/ThirdPersonMap.ThirdPersonMap:PersistentLevel.WorldDataLayers
 |- Actor Package: /Game/__ExternalActors__/ThirdPerson/Maps/ThirdPersonMap/0/43/HYQWORMY4JDQ5X3OKZXFLC
 |- Actor Path: /Game/ThirdPerson/Maps/ThirdPersonMap.ThirdPersonMap:PersistentLevel.WorldInfo_0
 |- Actor Package: /Game/ThirdPerson/Maps/ThirdPersonMap
 |- Actor Path: /Game/ThirdPerson/Maps/ThirdPersonMap.ThirdPersonMap:PersistentLevel.WorldPartitionMiniMap_0
 |- Actor Package: /Game/__ExternalActors__/ThirdPerson/Maps/ThirdPersonMap/E/FR/LBG6LPN5JCL3FMVSI2CK6R

----------------------------------------------------------------------------------------------------------------
ThirdPersonMap - Runtime Spatial Hash - Streaming Grid - MainGrid
----------------------------------------------------------------------------------------------------------------
            Origin: X=0.000 Y=0.000 Z=0.000
         Cell Size: 12800
      World Bounds: IsValid=false, Min=(X=0.000 Y=0.000 Z=0.000), Max=(X=0.000 Y=0.000 Z=0.000)
     Loading Range: 25600.00
Block Slow Loading: No
 ClientOnlyVisible: No
            Origin: X=0.000 Y=0.000 Z=0.000

[+] Grid Levels: 1
 |- Level  0: Cell Count    0 | Cell Size   12800 | Actor Count    0 (0.0%)

[+] Content of Grid Level 0

